mAP: 0.2649
mATE: 0.8503
mASE: 0.4734
mAOE: 0.7049
mAVE: 0.7344
mAAE: 0.2963
NDS: 0.3265
Eval time: 2.5s

Per-class results:
Object Class    AP      ATE     ASE     AOE     AVE     AAE
car     0.479   0.708   0.169   0.193   0.176   0.094
truck   0.393   0.773   0.205   0.255   0.082   0.002
bus     0.573   0.543   0.147   0.096   1.526   0.027
trailer 0.000   1.000   1.000   1.000   1.000   1.000
construction_vehicle    0.000   1.000   1.000   1.000   1.000   1.000
pedestrian      0.450   0.794   0.300   0.728   0.526   0.230
motorcycle      0.288   0.908   0.331   1.596   0.063   0.010
bicycle 0.135   1.035   0.289   0.477   1.501   0.008
traffic_cone    0.331   0.742   0.294   nan     nan     nan
barrier 0.000   1.000   1.000   1.000   nan     nan
************************************************** SUMMARY **************************************************
NDS: 0.327
mAP: 0.265
Latency: 26.23ms
FPS: 38.12428516965307